Start testing: Dec 04 16:37 MST
----------------------------------------------------------
1/2 Testing: HelloTest.TestBasicFunction
1/2 Test: HelloTest.TestBasicFunction
Command: "/home/darian/Documents/github/cmake_learning/build/hello_test" "--gtest_filter=HelloTest.TestBasicFunction" "--gtest_also_run_disabled_tests"
Directory: /home/darian/Documents/github/cmake_learning/build
"HelloTest.TestBasicFunction" start time: Dec 04 16:37 MST
Output:
----------------------------------------------------------
Running main() from ./googletest/src/gtest_main.cc
Note: Google Test filter = HelloTest.TestBasicFunction
[==========] Running 1 test from 1 test suite.
[----------] Global test environment set-up.
[----------] 1 test from HelloTest
[ RUN      ] HelloTest.TestBasicFunction
[       OK ] HelloTest.TestBasicFunction (0 ms)
[----------] 1 test from HelloTest (0 ms total)

[----------] Global test environment tear-down
[==========] 1 test from 1 test suite ran. (0 ms total)
[  PASSED  ] 1 test.
<end of output>
Test time =   0.00 sec
----------------------------------------------------------
Test Passed.
"HelloTest.TestBasicFunction" end time: Dec 04 16:37 MST
"HelloTest.TestBasicFunction" time elapsed: 00:00:00
----------------------------------------------------------

2/2 Testing: BasicAssertion.MathAssertion
2/2 Test: BasicAssertion.MathAssertion
Command: "/home/darian/Documents/github/cmake_learning/build/hello_test" "--gtest_filter=BasicAssertion.MathAssertion" "--gtest_also_run_disabled_tests"
Directory: /home/darian/Documents/github/cmake_learning/build
"BasicAssertion.MathAssertion" start time: Dec 04 16:37 MST
Output:
----------------------------------------------------------
Running main() from ./googletest/src/gtest_main.cc
Note: Google Test filter = BasicAssertion.MathAssertion
[==========] Running 1 test from 1 test suite.
[----------] Global test environment set-up.
[----------] 1 test from BasicAssertion
[ RUN      ] BasicAssertion.MathAssertion
[       OK ] BasicAssertion.MathAssertion (0 ms)
[----------] 1 test from BasicAssertion (0 ms total)

[----------] Global test environment tear-down
[==========] 1 test from 1 test suite ran. (0 ms total)
[  PASSED  ] 1 test.
<end of output>
Test time =   0.01 sec
----------------------------------------------------------
Test Passed.
"BasicAssertion.MathAssertion" end time: Dec 04 16:37 MST
"BasicAssertion.MathAssertion" time elapsed: 00:00:00
----------------------------------------------------------

End testing: Dec 04 16:37 MST
